app/build/intermediates/manifest_merge_blame_file/release/manifest-merger-blame-release-report.txt
1<?xml version="1.0" encoding="utf-8"?>
2<manifest xmlns:android="http://schemas.android.com/apk/res/android"
3    package="com.NewAppZone.home_workout.fitness_bodybuilding"
4    android:versionCode="7"
5    android:versionName="1.6" >
6
7    <uses-sdk
8        android:minSdkVersion="21"
8-->src\main\AndroidManifest.xml
9        android:targetSdkVersion="30" />
9-->src\main\AndroidManifest.xml
10
11    <uses-permission android:name="android.permission.INTERNET" />
11-->src\main\AndroidManifest.xml:6:5-67
11-->src\main\AndroidManifest.xml:6:22-64
12    <uses-permission android:name="android.permission.ACCESS_NETWORK_STATE" />
12-->src\main\AndroidManifest.xml:7:5-79
12-->src\main\AndroidManifest.xml:7:22-76
13    <uses-permission android:name="android.permission.WRITE_EXTERNAL_STORAGE" />
14    <uses-permission android:name="android.permission.READ_PHONE_STATE" />
15    <uses-permission android:name="android.permission.READ_EXTERNAL_STORAGE" /> <!-- Android package visibility setting -->
16    <queries>
16-->[com.google.android.gms:play-services-ads-lite:20.3.0] AndroidManifest.xml:27:5-43:15
17
18        <!-- For browser content -->
19        <intent>
19-->[com.google.android.gms:play-services-ads-lite:20.3.0] AndroidManifest.xml:30:9-36:18
20            <action android:name="android.intent.action.VIEW" />
20-->[com.google.android.gms:play-services-ads-lite:20.3.0] AndroidManifest.xml:31:13-65
20-->[com.google.android.gms:play-services-ads-lite:20.3.0] AndroidManifest.xml:31:21-62
21
22            <category android:name="android.intent.category.BROWSABLE" />
22-->[com.google.android.gms:play-services-ads-lite:20.3.0] AndroidManifest.xml:33:13-74
22-->[com.google.android.gms:play-services-ads-lite:20.3.0] AndroidManifest.xml:33:23-71
23
24            <data android:scheme="https" />
24-->[com.google.android.gms:play-services-ads-lite:20.3.0] AndroidManifest.xml:35:13-44
24-->[com.google.android.gms:play-services-ads-lite:20.3.0] AndroidManifest.xml:35:19-41
25        </intent>
26        <!-- End of browser content -->
27        <!-- For CustomTabsService -->
28        <intent>
28-->[com.google.android.gms:play-services-ads-lite:20.3.0] AndroidManifest.xml:39:9-41:18
29            <action android:name="android.support.customtabs.action.CustomTabsService" />
29-->[com.google.android.gms:play-services-ads-lite:20.3.0] AndroidManifest.xml:40:13-90
29-->[com.google.android.gms:play-services-ads-lite:20.3.0] AndroidManifest.xml:40:21-87
30        </intent>
31        <!-- End of CustomTabsService -->
32        <package android:name="com.facebook.katana" />
32-->[com.facebook.android:audience-network-sdk:6.6.0] AndroidManifest.xml:12:9-55
32-->[com.facebook.android:audience-network-sdk:6.6.0] AndroidManifest.xml:12:18-52
33    </queries>
34
35    <uses-permission android:name="android.permission.WAKE_LOCK" />
35-->[com.google.android.gms:play-services-measurement-sdk-api:18.0.0] AndroidManifest.xml:25:5-68
35-->[com.google.android.gms:play-services-measurement-sdk-api:18.0.0] AndroidManifest.xml:25:22-65
36    <uses-permission android:name="android.permission.RECEIVE_BOOT_COMPLETED" />
36-->[androidx.work:work-runtime:2.1.0] AndroidManifest.xml:27:5-81
36-->[androidx.work:work-runtime:2.1.0] AndroidManifest.xml:27:22-78
37
38    <application
38-->src\main\AndroidManifest.xml:9:5-44:19
39        android:allowBackup="true"
39-->src\main\AndroidManifest.xml:10:9-35
40        android:appComponentFactory="androidx.core.app.CoreComponentFactory"
40-->[androidx.core:core:1.5.0] AndroidManifest.xml:24:18-86
41        android:icon="@mipmap/ic_launcher"
41-->src\main\AndroidManifest.xml:11:9-43
42        android:label="@string/app_name"
42-->src\main\AndroidManifest.xml:12:9-41
43        android:networkSecurityConfig="@xml/network_security_config"
43-->src\main\AndroidManifest.xml:16:9-69
44        android:supportsRtl="true"
44-->src\main\AndroidManifest.xml:13:9-35
45        android:theme="@style/AppTheme" >
45-->src\main\AndroidManifest.xml:14:9-40
46        <activity android:name="com.NewAppZone.home_workout.fitness_bodybuilding.Main.DietTips" />
46-->src\main\AndroidManifest.xml:18:9-98
46-->src\main\AndroidManifest.xml:18:19-96
47        <activity android:name="com.NewAppZone.home_workout.fitness_bodybuilding.Main.StepCount" />
47-->src\main\AndroidManifest.xml:19:9-100
47-->src\main\AndroidManifest.xml:19:19-97
48        <activity
48-->src\main\AndroidManifest.xml:20:9-22:47
49            android:name="com.NewAppZone.home_workout.fitness_bodybuilding.Main.MainActivity"
49-->src\main\AndroidManifest.xml:21:13-94
50            android:theme="@style/AppTheme" />
50-->src\main\AndroidManifest.xml:22:13-44
51
52        <receiver android:name="com.NewAppZone.home_workout.fitness_bodybuilding.Reminder.AlarmReceiver" />
52-->src\main\AndroidManifest.xml:24:9-108
52-->src\main\AndroidManifest.xml:24:19-105
53
54        <activity android:name="com.NewAppZone.home_workout.fitness_bodybuilding.YourPlan.YourPlanActivity" />
54-->src\main\AndroidManifest.xml:26:9-111
54-->src\main\AndroidManifest.xml:26:19-108
55        <activity
55-->src\main\AndroidManifest.xml:27:9-30:47
56            android:name="com.NewAppZone.home_workout.fitness_bodybuilding.YourPlan.SelectExerciseYourPlan"
56-->src\main\AndroidManifest.xml:28:13-108
57            android:label="@string/title_activity_detail_workout_2"
57-->src\main\AndroidManifest.xml:29:13-68
58            android:theme="@style/AppTheme" />
58-->src\main\AndroidManifest.xml:30:13-44
59        <activity android:name="com.NewAppZone.home_workout.fitness_bodybuilding.Setting.BaseSettingActivity" />
59-->src\main\AndroidManifest.xml:31:9-113
59-->src\main\AndroidManifest.xml:31:19-110
60        <activity android:name="com.NewAppZone.home_workout.fitness_bodybuilding.Main.SplashScreen" >
60-->src\main\AndroidManifest.xml:32:9-38:20
60-->src\main\AndroidManifest.xml:32:19-100
61            <intent-filter>
61-->src\main\AndroidManifest.xml:33:13-37:29
62                <action android:name="android.intent.action.MAIN" />
62-->src\main\AndroidManifest.xml:34:17-69
62-->src\main\AndroidManifest.xml:34:25-66
63
64                <category android:name="android.intent.category.LAUNCHER" />
64-->src\main\AndroidManifest.xml:36:17-77
64-->src\main\AndroidManifest.xml:36:27-74
65            </intent-filter>
66        </activity>
67
68        <meta-data
68-->src\main\AndroidManifest.xml:40:9-42:51
69            android:name="com.google.android.gms.ads.APPLICATION_ID"
69-->src\main\AndroidManifest.xml:41:13-69
70            android:value="@string/AdMob_App_ID" />
70-->src\main\AndroidManifest.xml:42:13-49
71
72        <activity
72-->[com.google.android.ads:mediation-test-suite:2.0.0] AndroidManifest.xml:8:9-13:70
73            android:name="com.google.android.ads.mediationtestsuite.activities.HomeActivity"
73-->[com.google.android.ads:mediation-test-suite:2.0.0] AndroidManifest.xml:9:13-93
74            android:exported="false"
74-->[com.google.android.ads:mediation-test-suite:2.0.0] AndroidManifest.xml:10:13-37
75            android:label="Mediation Test Suite"
75-->[com.google.android.ads:mediation-test-suite:2.0.0] AndroidManifest.xml:11:13-49
76            android:screenOrientation="portrait"
76-->[com.google.android.ads:mediation-test-suite:2.0.0] AndroidManifest.xml:12:13-49
77            android:theme="@style/gmts_TestSuiteTheme.NoActionBar" />
77-->[com.google.android.ads:mediation-test-suite:2.0.0] AndroidManifest.xml:13:13-67
78        <activity
78-->[com.google.android.ads:mediation-test-suite:2.0.0] AndroidManifest.xml:14:9-19:63
79            android:name="com.google.android.ads.mediationtestsuite.activities.NetworkDetailActivity"
79-->[com.google.android.ads:mediation-test-suite:2.0.0] AndroidManifest.xml:15:13-102
80            android:exported="false"
80-->[com.google.android.ads:mediation-test-suite:2.0.0] AndroidManifest.xml:16:13-37
81            android:screenOrientation="portrait"
81-->[com.google.android.ads:mediation-test-suite:2.0.0] AndroidManifest.xml:17:13-49
82            android:theme="@style/gmts_AppSecondaryTheme"
82-->[com.google.android.ads:mediation-test-suite:2.0.0] AndroidManifest.xml:18:13-58
83            android:windowSoftInputMode="stateAlwaysHidden" />
83-->[com.google.android.ads:mediation-test-suite:2.0.0] AndroidManifest.xml:19:13-60
84        <activity
84-->[com.google.android.ads:mediation-test-suite:2.0.0] AndroidManifest.xml:20:9-25:73
85            android:name="com.google.android.ads.mediationtestsuite.activities.ConfigurationItemDetailActivity"
85-->[com.google.android.ads:mediation-test-suite:2.0.0] AndroidManifest.xml:21:13-112
86            android:exported="false"
86-->[com.google.android.ads:mediation-test-suite:2.0.0] AndroidManifest.xml:22:13-37
87            android:label="@string/gmts_ad_unit_details_title"
87-->[com.google.android.ads:mediation-test-suite:2.0.0] AndroidManifest.xml:23:13-63
88            android:screenOrientation="portrait"
88-->[com.google.android.ads:mediation-test-suite:2.0.0] AndroidManifest.xml:24:13-49
89            android:theme="@style/gmts_AppSecondaryTheme.NoActionBar" />
89-->[com.google.android.ads:mediation-test-suite:2.0.0] AndroidManifest.xml:25:13-70
90        <activity
90-->[com.google.android.ads:mediation-test-suite:2.0.0] AndroidManifest.xml:26:9-30:73
91            android:name="com.google.android.ads.mediationtestsuite.activities.ConfigurationItemsSearchActivity"
91-->[com.google.android.ads:mediation-test-suite:2.0.0] AndroidManifest.xml:27:13-113
92            android:exported="false"
92-->[com.google.android.ads:mediation-test-suite:2.0.0] AndroidManifest.xml:28:13-37
93            android:screenOrientation="portrait"
93-->[com.google.android.ads:mediation-test-suite:2.0.0] AndroidManifest.xml:29:13-49
94            android:theme="@style/gmts_AppSecondaryTheme.NoActionBar" /> <!-- Include the AdActivity and InAppPurchaseActivity configChanges and themes. -->
94-->[com.google.android.ads:mediation-test-suite:2.0.0] AndroidManifest.xml:30:13-70
95        <activity
95-->[com.google.android.gms:play-services-ads-lite:20.3.0] AndroidManifest.xml:48:9-52:64
96            android:name="com.google.android.gms.ads.AdActivity"
96-->[com.google.android.gms:play-services-ads-lite:20.3.0] AndroidManifest.xml:49:13-65
97            android:configChanges="keyboard|keyboardHidden|orientation|screenLayout|uiMode|screenSize|smallestScreenSize"
97-->[com.google.android.gms:play-services-ads-lite:20.3.0] AndroidManifest.xml:50:13-122
98            android:exported="false"
98-->[com.google.android.gms:play-services-ads-lite:20.3.0] AndroidManifest.xml:51:13-37
99            android:theme="@android:style/Theme.Translucent" />
99-->[com.google.android.gms:play-services-ads-lite:20.3.0] AndroidManifest.xml:52:13-61
100
101        <provider
101-->[com.google.android.gms:play-services-ads-lite:20.3.0] AndroidManifest.xml:54:9-58:39
102            android:name="com.google.android.gms.ads.MobileAdsInitProvider"
102-->[com.google.android.gms:play-services-ads-lite:20.3.0] AndroidManifest.xml:55:13-76
103            android:authorities="com.NewAppZone.home_workout.fitness_bodybuilding.mobileadsinitprovider"
103-->[com.google.android.gms:play-services-ads-lite:20.3.0] AndroidManifest.xml:56:13-73
104            android:exported="false"
104-->[com.google.android.gms:play-services-ads-lite:20.3.0] AndroidManifest.xml:57:13-37
105            android:initOrder="100" />
105-->[com.google.android.gms:play-services-ads-lite:20.3.0] AndroidManifest.xml:58:13-36
106
107        <service
107-->[com.google.android.gms:play-services-ads-lite:20.3.0] AndroidManifest.xml:60:9-63:40
108            android:name="com.google.android.gms.ads.AdService"
108-->[com.google.android.gms:play-services-ads-lite:20.3.0] AndroidManifest.xml:61:13-64
109            android:enabled="true"
109-->[com.google.android.gms:play-services-ads-lite:20.3.0] AndroidManifest.xml:62:13-35
110            android:exported="false" />
110-->[com.google.android.gms:play-services-ads-lite:20.3.0] AndroidManifest.xml:63:13-37
111
112        <activity
112-->[com.facebook.android:audience-network-sdk:6.6.0] AndroidManifest.xml:19:9-23:75
113            android:name="com.facebook.ads.AudienceNetworkActivity"
113-->[com.facebook.android:audience-network-sdk:6.6.0] AndroidManifest.xml:20:13-68
114            android:configChanges="keyboardHidden|orientation|screenSize"
114-->[com.facebook.android:audience-network-sdk:6.6.0] AndroidManifest.xml:21:13-74
115            android:exported="false"
115-->[com.facebook.android:audience-network-sdk:6.6.0] AndroidManifest.xml:22:13-37
116            android:theme="@android:style/Theme.Translucent.NoTitleBar" />
116-->[com.facebook.android:audience-network-sdk:6.6.0] AndroidManifest.xml:23:13-72
117
118        <provider
118-->[com.facebook.android:audience-network-sdk:6.6.0] AndroidManifest.xml:25:9-28:40
119            android:name="com.facebook.ads.AudienceNetworkContentProvider"
119-->[com.facebook.android:audience-network-sdk:6.6.0] AndroidManifest.xml:26:13-75
120            android:authorities="com.NewAppZone.home_workout.fitness_bodybuilding.AudienceNetworkContentProvider"
120-->[com.facebook.android:audience-network-sdk:6.6.0] AndroidManifest.xml:27:13-82
121            android:exported="false" />
121-->[com.facebook.android:audience-network-sdk:6.6.0] AndroidManifest.xml:28:13-37
122
123        <meta-data
123-->[com.google.android.gms:play-services-basement:17.6.0] AndroidManifest.xml:23:9-25:69
124            android:name="com.google.android.gms.version"
124-->[com.google.android.gms:play-services-basement:17.6.0] AndroidManifest.xml:24:13-58
125            android:value="@integer/google_play_services_version" />
125-->[com.google.android.gms:play-services-basement:17.6.0] AndroidManifest.xml:25:13-66
126
127        <provider
127-->[androidx.work:work-runtime:2.1.0] AndroidManifest.xml:30:9-36:35
128            android:name="androidx.work.impl.WorkManagerInitializer"
128-->[androidx.work:work-runtime:2.1.0] AndroidManifest.xml:31:13-69
129            android:authorities="com.NewAppZone.home_workout.fitness_bodybuilding.workmanager-init"
129-->[androidx.work:work-runtime:2.1.0] AndroidManifest.xml:32:13-68
130            android:directBootAware="false"
130-->[androidx.work:work-runtime:2.1.0] AndroidManifest.xml:33:13-44
131            android:exported="false"
131-->[androidx.work:work-runtime:2.1.0] AndroidManifest.xml:34:13-37
132            android:multiprocess="true" />
132-->[androidx.work:work-runtime:2.1.0] AndroidManifest.xml:35:13-40
133
134        <service
134-->[androidx.work:work-runtime:2.1.0] AndroidManifest.xml:38:9-43:35
135            android:name="androidx.work.impl.background.systemalarm.SystemAlarmService"
135-->[androidx.work:work-runtime:2.1.0] AndroidManifest.xml:39:13-88
136            android:directBootAware="false"
136-->[androidx.work:work-runtime:2.1.0] AndroidManifest.xml:40:13-44
137            android:enabled="@bool/enable_system_alarm_service_default"
137-->[androidx.work:work-runtime:2.1.0] AndroidManifest.xml:41:13-72
138            android:exported="false" />
138-->[androidx.work:work-runtime:2.1.0] AndroidManifest.xml:42:13-37
139        <service
139-->[androidx.work:work-runtime:2.1.0] AndroidManifest.xml:44:9-50:35
140            android:name="androidx.work.impl.background.systemjob.SystemJobService"
140-->[androidx.work:work-runtime:2.1.0] AndroidManifest.xml:45:13-84
141            android:directBootAware="false"
141-->[androidx.work:work-runtime:2.1.0] AndroidManifest.xml:46:13-44
142            android:enabled="@bool/enable_system_job_service_default"
142-->[androidx.work:work-runtime:2.1.0] AndroidManifest.xml:47:13-70
143            android:exported="true"
143-->[androidx.work:work-runtime:2.1.0] AndroidManifest.xml:48:13-36
144            android:permission="android.permission.BIND_JOB_SERVICE" />
144-->[androidx.work:work-runtime:2.1.0] AndroidManifest.xml:49:13-69
145
146        <receiver
146-->[androidx.work:work-runtime:2.1.0] AndroidManifest.xml:52:9-57:35
147            android:name="androidx.work.impl.utils.ForceStopRunnable$BroadcastReceiver"
147-->[androidx.work:work-runtime:2.1.0] AndroidManifest.xml:53:13-88
148            android:directBootAware="false"
148-->[androidx.work:work-runtime:2.1.0] AndroidManifest.xml:54:13-44
149            android:enabled="true"
149-->[androidx.work:work-runtime:2.1.0] AndroidManifest.xml:55:13-35
150            android:exported="false" />
150-->[androidx.work:work-runtime:2.1.0] AndroidManifest.xml:56:13-37
151        <receiver
151-->[androidx.work:work-runtime:2.1.0] AndroidManifest.xml:58:9-68:20
152            android:name="androidx.work.impl.background.systemalarm.ConstraintProxy$BatteryChargingProxy"
152-->[androidx.work:work-runtime:2.1.0] AndroidManifest.xml:59:13-106
153            android:directBootAware="false"
153-->[androidx.work:work-runtime:2.1.0] AndroidManifest.xml:60:13-44
154            android:enabled="false"
154-->[androidx.work:work-runtime:2.1.0] AndroidManifest.xml:61:13-36
155            android:exported="false" >
155-->[androidx.work:work-runtime:2.1.0] AndroidManifest.xml:62:13-37
156            <intent-filter>
156-->[androidx.work:work-runtime:2.1.0] AndroidManifest.xml:64:13-67:29
157                <action android:name="android.intent.action.ACTION_POWER_CONNECTED" />
157-->[androidx.work:work-runtime:2.1.0] AndroidManifest.xml:65:17-87
157-->[androidx.work:work-runtime:2.1.0] AndroidManifest.xml:65:25-84
158                <action android:name="android.intent.action.ACTION_POWER_DISCONNECTED" />
158-->[androidx.work:work-runtime:2.1.0] AndroidManifest.xml:66:17-90
158-->[androidx.work:work-runtime:2.1.0] AndroidManifest.xml:66:25-87
159            </intent-filter>
160        </receiver>
161        <receiver
161-->[androidx.work:work-runtime:2.1.0] AndroidManifest.xml:69:9-79:20
162            android:name="androidx.work.impl.background.systemalarm.ConstraintProxy$BatteryNotLowProxy"
162-->[androidx.work:work-runtime:2.1.0] AndroidManifest.xml:70:13-104
163            android:directBootAware="false"
163-->[androidx.work:work-runtime:2.1.0] AndroidManifest.xml:71:13-44
164            android:enabled="false"
164-->[androidx.work:work-runtime:2.1.0] AndroidManifest.xml:72:13-36
165            android:exported="false" >
165-->[androidx.work:work-runtime:2.1.0] AndroidManifest.xml:73:13-37
166            <intent-filter>
166-->[androidx.work:work-runtime:2.1.0] AndroidManifest.xml:75:13-78:29
167                <action android:name="android.intent.action.BATTERY_OKAY" />
167-->[androidx.work:work-runtime:2.1.0] AndroidManifest.xml:76:17-77
167-->[androidx.work:work-runtime:2.1.0] AndroidManifest.xml:76:25-74
168                <action android:name="android.intent.action.BATTERY_LOW" />
168-->[androidx.work:work-runtime:2.1.0] AndroidManifest.xml:77:17-76
168-->[androidx.work:work-runtime:2.1.0] AndroidManifest.xml:77:25-73
169            </intent-filter>
170        </receiver>
171        <receiver
171-->[androidx.work:work-runtime:2.1.0] AndroidManifest.xml:80:9-90:20
172            android:name="androidx.work.impl.background.systemalarm.ConstraintProxy$StorageNotLowProxy"
172-->[androidx.work:work-runtime:2.1.0] AndroidManifest.xml:81:13-104
173            android:directBootAware="false"
173-->[androidx.work:work-runtime:2.1.0] AndroidManifest.xml:82:13-44
174            android:enabled="false"
174-->[androidx.work:work-runtime:2.1.0] AndroidManifest.xml:83:13-36
175            android:exported="false" >
175-->[androidx.work:work-runtime:2.1.0] AndroidManifest.xml:84:13-37
176            <intent-filter>
176-->[androidx.work:work-runtime:2.1.0] AndroidManifest.xml:86:13-89:29
177                <action android:name="android.intent.action.DEVICE_STORAGE_LOW" />
177-->[androidx.work:work-runtime:2.1.0] AndroidManifest.xml:87:17-83
177-->[androidx.work:work-runtime:2.1.0] AndroidManifest.xml:87:25-80
178                <action android:name="android.intent.action.DEVICE_STORAGE_OK" />
178-->[androidx.work:work-runtime:2.1.0] AndroidManifest.xml:88:17-82
178-->[androidx.work:work-runtime:2.1.0] AndroidManifest.xml:88:25-79
179            </intent-filter>
180        </receiver>
181        <receiver
181-->[androidx.work:work-runtime:2.1.0] AndroidManifest.xml:91:9-100:20
182            android:name="androidx.work.impl.background.systemalarm.ConstraintProxy$NetworkStateProxy"
182-->[androidx.work:work-runtime:2.1.0] AndroidManifest.xml:92:13-103
183            android:directBootAware="false"
183-->[androidx.work:work-runtime:2.1.0] AndroidManifest.xml:93:13-44
184            android:enabled="false"
184-->[androidx.work:work-runtime:2.1.0] AndroidManifest.xml:94:13-36
185            android:exported="false" >
185-->[androidx.work:work-runtime:2.1.0] AndroidManifest.xml:95:13-37
186            <intent-filter>
186-->[androidx.work:work-runtime:2.1.0] AndroidManifest.xml:97:13-99:29
187                <action android:name="android.net.conn.CONNECTIVITY_CHANGE" />
187-->[androidx.work:work-runtime:2.1.0] AndroidManifest.xml:98:17-79
187-->[androidx.work:work-runtime:2.1.0] AndroidManifest.xml:98:25-76
188            </intent-filter>
189        </receiver>
190        <receiver
190-->[androidx.work:work-runtime:2.1.0] AndroidManifest.xml:101:9-112:20
191            android:name="androidx.work.impl.background.systemalarm.RescheduleReceiver"
191-->[androidx.work:work-runtime:2.1.0] AndroidManifest.xml:102:13-88
192            android:directBootAware="false"
192-->[androidx.work:work-runtime:2.1.0] AndroidManifest.xml:103:13-44
193            android:enabled="false"
193-->[androidx.work:work-runtime:2.1.0] AndroidManifest.xml:104:13-36
194            android:exported="false" >
194-->[androidx.work:work-runtime:2.1.0] AndroidManifest.xml:105:13-37
195            <intent-filter>
195-->[androidx.work:work-runtime:2.1.0] AndroidManifest.xml:107:13-111:29
196                <action android:name="android.intent.action.BOOT_COMPLETED" />
196-->[androidx.work:work-runtime:2.1.0] AndroidManifest.xml:108:17-79
196-->[androidx.work:work-runtime:2.1.0] AndroidManifest.xml:108:25-76
197                <action android:name="android.intent.action.TIME_SET" />
197-->[androidx.work:work-runtime:2.1.0] AndroidManifest.xml:109:17-73
197-->[androidx.work:work-runtime:2.1.0] AndroidManifest.xml:109:25-70
198                <action android:name="android.intent.action.TIMEZONE_CHANGED" />
198-->[androidx.work:work-runtime:2.1.0] AndroidManifest.xml:110:17-81
198-->[androidx.work:work-runtime:2.1.0] AndroidManifest.xml:110:25-78
199            </intent-filter>
200        </receiver>
201        <receiver
201-->[androidx.work:work-runtime:2.1.0] AndroidManifest.xml:113:9-122:20
202            android:name="androidx.work.impl.background.systemalarm.ConstraintProxyUpdateReceiver"
202-->[androidx.work:work-runtime:2.1.0] AndroidManifest.xml:114:13-99
203            android:directBootAware="false"
203-->[androidx.work:work-runtime:2.1.0] AndroidManifest.xml:115:13-44
204            android:enabled="@bool/enable_system_alarm_service_default"
204-->[androidx.work:work-runtime:2.1.0] AndroidManifest.xml:116:13-72
205            android:exported="false" >
205-->[androidx.work:work-runtime:2.1.0] AndroidManifest.xml:117:13-37
206            <intent-filter>
206-->[androidx.work:work-runtime:2.1.0] AndroidManifest.xml:119:13-121:29
207                <action android:name="androidx.work.impl.background.systemalarm.UpdateProxies" />
207-->[androidx.work:work-runtime:2.1.0] AndroidManifest.xml:120:17-98
207-->[androidx.work:work-runtime:2.1.0] AndroidManifest.xml:120:25-95
208            </intent-filter>
209        </receiver>
210
211        <service
211-->[androidx.room:room-runtime:2.1.0] AndroidManifest.xml:25:9-27:40
212            android:name="androidx.room.MultiInstanceInvalidationService"
212-->[androidx.room:room-runtime:2.1.0] AndroidManifest.xml:26:13-74
213            android:exported="false" />
213-->[androidx.room:room-runtime:2.1.0] AndroidManifest.xml:27:13-37
214    </application>
215
216</manifest>